# JRE version: Java(TM) SE Runtime Environment (7.0_40-b43) (build 1.7.0_40-b43)
# Java VM: Java HotSpot(TM) 64-Bit Server VM (24.0-b56 mixed mode windows-amd64 compressed oops)
Heap
 PSYoungGen      total 104448K, used 1432K [0x00000000f5500000, 0x00000000ff600000, 0x0000000100000000)
  eden space 103936K, 1% used [0x00000000f5500000,0x00000000f5666258,0x00000000fba80000)
  from space 512K, 0% used [0x00000000fba80000,0x00000000fba80000,0x00000000fbb00000)
  to   space 30208K, 0% used [0x00000000fd880000,0x00000000fd880000,0x00000000ff600000)
 ParOldGen       total 349184K, used 190922K [0x00000000e0000000, 0x00000000f5500000, 0x00000000f5500000)
  object space 349184K, 54% used [0x00000000e0000000,0x00000000eba729b0,0x00000000f5500000)
 PSPermGen       total 83968K, used 83967K [0x00000000dae00000, 0x00000000e0000000, 0x00000000e0000000)
  object space 83968K, 99% used [0x00000000dae00000,0x00000000dfffff10,0x00000000e0000000)
GC Heap History (10 events):
Event: 1308.751 GC heap before
{Heap before GC invocations=69 (full 12):
 PSYoungGen      total 103936K, used 0K [0x00000000f5500000, 0x00000000ffa80000, 0x0000000100000000)
  eden space 103424K, 0% used [0x00000000f5500000,0x00000000f5500000,0x00000000fba00000)
  from space 512K, 0% used [0x00000000fba00000,0x00000000fba00000,0x00000000fba80000)
  to   space 32768K, 0% used [0x00000000fda80000,0x00000000fda80000,0x00000000ffa80000)
 ParOldGen       total 349184K, used 190924K [0x00000000e0000000, 0x00000000f5500000, 0x00000000f5500000)
  object space 349184K, 54% used [0x00000000e0000000,0x00000000eba73060,0x00000000f5500000)
 PSPermGen       total 83968K, used 83967K [0x00000000dae00000, 0x00000000e0000000, 0x00000000e0000000)
  object space 83968K, 99% used [0x00000000dae00000,0x00000000dffffe18,0x00000000e0000000)
Event: 1309.670 GC heap after
Heap after GC invocations=69 (full 12):
 PSYoungGen      total 103936K, used 0K [0x00000000f5500000, 0x00000000ffa80000, 0x0000000100000000)
  eden space 103424K, 0% used [0x00000000f5500000,0x00000000f5500000,0x00000000fba00000)
  from space 512K, 0% used [0x00000000fba00000,0x00000000fba00000,0x00000000fba80000)
  to   space 32768K, 0% used [0x00000000fda80000,0x00000000fda80000,0x00000000ffa80000)
 ParOldGen       total 349184K, used 190922K [0x00000000e0000000, 0x00000000f5500000, 0x00000000f5500000)
  object space 349184K, 54% used [0x00000000e0000000,0x00000000eba72878,0x00000000f5500000)
 PSPermGen       total 83968K, used 83964K [0x00000000dae00000, 0x00000000e0000000, 0x00000000e0000000)
  object space 83968K, 99% used [0x00000000dae00000,0x00000000dffff258,0x00000000e0000000)
}
Event: 1309.670 GC heap before
{Heap before GC invocations=70 (full 12):
 PSYoungGen      total 103936K, used 1425K [0x00000000f5500000, 0x00000000ffa80000, 0x0000000100000000)
  eden space 103424K, 1% used [0x00000000f5500000,0x00000000f5664590,0x00000000fba00000)
  from space 512K, 0% used [0x00000000fba00000,0x00000000fba00000,0x00000000fba80000)
  to   space 32768K, 0% used [0x00000000fda80000,0x00000000fda80000,0x00000000ffa80000)
 ParOldGen       total 349184K, used 190922K [0x00000000e0000000, 0x00000000f5500000, 0x00000000f5500000)
  object space 349184K, 54% used [0x00000000e0000000,0x00000000eba72878,0x00000000f5500000)
 PSPermGen       total 83968K, used 83967K [0x00000000dae00000, 0x00000000e0000000, 0x00000000e0000000)
  object space 83968K, 99% used [0x00000000dae00000,0x00000000dfffff10,0x00000000e0000000)
Event: 1309.674 GC heap after
Heap after GC invocations=70 (full 12):
 PSYoungGen      total 133632K, used 96K [0x00000000f5500000, 0x00000000ff780000, 0x0000000100000000)
  eden space 103936K, 0% used [0x00000000f5500000,0x00000000f5500000,0x00000000fba80000)
  from space 29696K, 0% used [0x00000000fda80000,0x00000000fda98000,0x00000000ff780000)
  to   space 31232K, 0% used [0x00000000fba80000,0x00000000fba80000,0x00000000fd900000)
 ParOldGen       total 349184K, used 190922K [0x00000000e0000000, 0x00000000f5500000, 0x00000000f5500000)
  object space 349184K, 54% used [0x00000000e0000000,0x00000000eba72878,0x00000000f5500000)
 PSPermGen       total 83968K, used 83967K [0x00000000dae00000, 0x00000000e0000000, 0x00000000e0000000)
  object space 83968K, 99% used [0x00000000dae00000,0x00000000dfffff10,0x00000000e0000000)
}
Event: 1309.674 GC heap before
{Heap before GC invocations=71 (full 13):
 PSYoungGen      total 133632K, used 96K [0x00000000f5500000, 0x00000000ff780000, 0x0000000100000000)
  eden space 103936K, 0% used [0x00000000f5500000,0x00000000f5500000,0x00000000fba80000)
  from space 29696K, 0% used [0x00000000fda80000,0x00000000fda98000,0x00000000ff780000)
  to   space 31232K, 0% used [0x00000000fba80000,0x00000000fba80000,0x00000000fd900000)
 ParOldGen       total 349184K, used 190922K [0x00000000e0000000, 0x00000000f5500000, 0x00000000f5500000)
  object space 349184K, 54% used [0x00000000e0000000,0x00000000eba72878,0x00000000f5500000)
 PSPermGen       total 83968K, used 83967K [0x00000000dae00000, 0x00000000e0000000, 0x00000000e0000000)
  object space 83968K, 99% used [0x00000000dae00000,0x00000000dfffff10,0x00000000e0000000)
Event: 1310.140 GC heap after
Heap after GC invocations=71 (full 13):
 PSYoungGen      total 133632K, used 0K [0x00000000f5500000, 0x00000000ff780000, 0x0000000100000000)
  eden space 103936K, 0% used [0x00000000f5500000,0x00000000f5500000,0x00000000fba80000)
  from space 29696K, 0% used [0x00000000fda80000,0x00000000fda80000,0x00000000ff780000)
  to   space 31232K, 0% used [0x00000000fba80000,0x00000000fba80000,0x00000000fd900000)
 ParOldGen       total 349184K, used 190922K [0x00000000e0000000, 0x00000000f5500000, 0x00000000f5500000)
  object space 349184K, 54% used [0x00000000e0000000,0x00000000eba729b0,0x00000000f5500000)
 PSPermGen       total 83968K, used 83967K [0x00000000dae00000, 0x00000000e0000000, 0x00000000e0000000)
  object space 83968K, 99% used [0x00000000dae00000,0x00000000dfffff10,0x00000000e0000000)
}
Event: 1310.140 GC heap before
{Heap before GC invocations=72 (full 13):
 PSYoungGen      total 133632K, used 0K [0x00000000f5500000, 0x00000000ff780000, 0x0000000100000000)
  eden space 103936K, 0% used [0x00000000f5500000,0x00000000f5500000,0x00000000fba80000)
  from space 29696K, 0% used [0x00000000fda80000,0x00000000fda80000,0x00000000ff780000)
  to   space 31232K, 0% used [0x00000000fba80000,0x00000000fba80000,0x00000000fd900000)
 ParOldGen       total 349184K, used 190922K [0x00000000e0000000, 0x00000000f5500000, 0x00000000f5500000)
  object space 349184K, 54% used [0x00000000e0000000,0x00000000eba729b0,0x00000000f5500000)
 PSPermGen       total 83968K, used 83967K [0x00000000dae00000, 0x00000000e0000000, 0x00000000e0000000)
  object space 83968K, 99% used [0x00000000dae00000,0x00000000dfffff10,0x00000000e0000000)
Event: 1310.143 GC heap after
Heap after GC invocations=72 (full 13):
 PSYoungGen      total 104448K, used 0K [0x00000000f5500000, 0x00000000ff600000, 0x0000000100000000)
  eden space 103936K, 0% used [0x00000000f5500000,0x00000000f5500000,0x00000000fba80000)
  from space 512K, 0% used [0x00000000fba80000,0x00000000fba80000,0x00000000fbb00000)
  to   space 30208K, 0% used [0x00000000fd880000,0x00000000fd880000,0x00000000ff600000)
 ParOldGen       total 349184K, used 190922K [0x00000000e0000000, 0x00000000f5500000, 0x00000000f5500000)
  object space 349184K, 54% used [0x00000000e0000000,0x00000000eba729b0,0x00000000f5500000)
 PSPermGen       total 83968K, used 83967K [0x00000000dae00000, 0x00000000e0000000, 0x00000000e0000000)
  object space 83968K, 99% used [0x00000000dae00000,0x00000000dfffff10,0x00000000e0000000)
}
Event: 1310.143 GC heap before
{Heap before GC invocations=73 (full 14):
 PSYoungGen      total 104448K, used 0K [0x00000000f5500000, 0x00000000ff600000, 0x0000000100000000)
  eden space 103936K, 0% used [0x00000000f5500000,0x00000000f5500000,0x00000000fba80000)
  from space 512K, 0% used [0x00000000fba80000,0x00000000fba80000,0x00000000fbb00000)
  to   space 30208K, 0% used [0x00000000fd880000,0x00000000fd880000,0x00000000ff600000)
 ParOldGen       total 349184K, used 190922K [0x00000000e0000000, 0x00000000f5500000, 0x00000000f5500000)
  object space 349184K, 54% used [0x00000000e0000000,0x00000000eba729b0,0x00000000f5500000)
 PSPermGen       total 83968K, used 83967K [0x00000000dae00000, 0x00000000e0000000, 0x00000000e0000000)
  object space 83968K, 99% used [0x00000000dae00000,0x00000000dfffff10,0x00000000e0000000)
Event: 1310.714 GC heap after
Heap after GC invocations=73 (full 14):
 PSYoungGen      total 104448K, used 0K [0x00000000f5500000, 0x00000000ff600000, 0x0000000100000000)
  eden space 103936K, 0% used [0x00000000f5500000,0x00000000f5500000,0x00000000fba80000)
  from space 512K, 0% used [0x00000000fba80000,0x00000000fba80000,0x00000000fbb00000)
  to   space 30208K, 0% used [0x00000000fd880000,0x00000000fd880000,0x00000000ff600000)
 ParOldGen       total 349184K, used 190922K [0x00000000e0000000, 0x00000000f5500000, 0x00000000f5500000)
  object space 349184K, 54% used [0x00000000e0000000,0x00000000eba729b0,0x00000000f5500000)
 PSPermGen       total 83968K, used 83967K [0x00000000dae00000, 0x00000000e0000000, 0x00000000e0000000)
  object space 83968K, 99% used [0x00000000dae00000,0x00000000dfffff10,0x00000000e0000000)
}

